[0mGET / [33m404 [0m3.208 ms - 252[0m
[0mGET / [33m404 [0m3.914 ms - 252[0m
[0mGET / [33m404 [0m3.572 ms - 252[0m
[0mGET / [33m404 [0m3.404 ms - 252[0m
[0mGET / [33m404 [0m3.382 ms - 238[0m
[0mGET / [33m404 [0m3.942 ms - 252[0m
[0mGET /products [0m- [0m- ms - -[0m
[0mGET /products [0m- [0m- ms - -[0m
[0mGET /products [32m200 [0m72.794 ms - 2[0m
[0mGET /products [32m200 [0m53.334 ms - 2[0m
[0mGET /productss [32m200 [0m3.511 ms - 2926[0m
[0mGET /product [32m200 [0m3.059 ms - 2926[0m
[0mGET /products [32m200 [0m48.772 ms - 2[0m
[0mGET /products [32m200 [0m342.036 ms - 2[0m
[0mGET /products/ [32m200 [0m64.092 ms - 2[0m
[0mGET /products/ [32m200 [0m55.978 ms - 2[0m
[0mGET /products/ [32m200 [0m67.641 ms - 2[0m
[0mGET /products/ [32m200 [0m51.863 ms - 2[0m
[0mGET /product [32m200 [0m8.091 ms - 2926[0m
[0mGET /products [32m200 [0m38.760 ms - 2[0m
[0mGET /products [32m200 [0m52.325 ms - 2[0m
[0mGET /products [32m200 [0m51.839 ms - 2[0m
[0mGET /products [32m200 [0m61.443 ms - 2[0m
[0mGET /products [32m200 [0m54.960 ms - 2[0m
[0mPOST /products/add [32m200 [0m76.750 ms - 221[0m
[0mPOST /products/ [33m404 [0m0.634 ms - 149[0m
[0mGET /products/ [32m200 [0m60.679 ms - 223[0m
[0mGET /products/ [32m200 [0m96.470 ms - 223[0m
[0mGET /api/products/ [32m200 [0m5.777 ms - 2926[0m
[0mGET /api/products [32m200 [0m0.696 ms - 2926[0m
[0mGET /api/products/ [32m200 [0m23.609 ms - 2926[0m
[0mGET /api/products/ [36m304 [0m1.531 ms - -[0m
[0mGET /api/products/ [36m304 [0m0.273 ms - -[0m
[0mGET /api/products/ [36m304 [0m0.554 ms - -[0m
[0mGET /products [32m200 [0m59.061 ms - 223[0m
[0mGET /products [32m200 [0m69.556 ms - 223[0m
[0mGET /products [32m200 [0m50.423 ms - 223[0m
[0mGET /api/products/ [36m304 [0m0.244 ms - -[0m
[0mGET /api/products/ [36m304 [0m0.257 ms - -[0m
[0mGET /api/products/ [36m304 [0m0.225 ms - -[0m
[0mGET /products [32m200 [0m56.213 ms - 223[0m
[0mGET /favicon.ico [32m200 [0m3.526 ms - 2926[0m
[0mGET / [32m200 [0m1.135 ms - 2926[0m
[0mGET /static/css/2.5056f041.chunk.css [32m200 [0m1.263 ms - 2926[0m
[0mGET /static/css/main.a6b4e220.chunk.css [32m200 [0m1.519 ms - 2926[0m
[0mGET /static/js/2.bf846f2a.chunk.js [32m200 [0m0.763 ms - 2926[0m
[0mGET /static/js/main.1c4c4f06.chunk.js [32m200 [0m0.447 ms - 2926[0m
[0mGET /favicon.ico [36m304 [0m0.758 ms - -[0m
[0mGET /api/products [32m200 [0m5.344 ms - 2926[0m
[0mGET /products [32m200 [0m37.857 ms - 223[0m
[0mGET /products [36m304 [0m22.055 ms - -[0m
[0mGET /products [36m304 [0m20.575 ms - -[0m
[0mGET /products [36m304 [0m19.578 ms - -[0m
[0mGET /products [36m304 [0m24.659 ms - -[0m
[0mGET /products [36m304 [0m19.600 ms - -[0m
[0mGET / [36m304 [0m0.854 ms - -[0m
[0mGET /static/css/2.5056f041.chunk.css [36m304 [0m0.968 ms - -[0m
[0mGET /static/css/main.a6b4e220.chunk.css [36m304 [0m0.630 ms - -[0m
[0mGET /static/js/2.bf846f2a.chunk.js [36m304 [0m0.332 ms - -[0m
[0mGET /static/js/main.1c4c4f06.chunk.js [36m304 [0m0.337 ms - -[0m
[0mGET /products [36m304 [0m20.329 ms - -[0m
[0mGET /products [36m304 [0m28.173 ms - -[0m
[0mGET /products [36m304 [0m19.575 ms - -[0m
[0mGET /products [36m304 [0m20.272 ms - -[0m
[0mGET /products [36m304 [0m21.275 ms - -[0m
[0mGET /api/products [32m200 [0m4.595 ms - 2926[0m
[0mGET /products [36m304 [0m39.419 ms - -[0m
[0mGET /api/products [36m304 [0m0.723 ms - -[0m
[0mGET /products [36m304 [0m21.055 ms - -[0m
[0mGET /api/products [36m304 [0m50.465 ms - -[0m
[0mGET /products [36m304 [0m74.358 ms - -[0m
[0mGET /api/products [36m304 [0m0.487 ms - -[0m
[0mGET /products [36m304 [0m23.197 ms - -[0m
[0mGET /api/products [36m304 [0m0.248 ms - -[0m
[0mGET /products [36m304 [0m19.782 ms - -[0m
[0mGET /api/products [36m304 [0m3.641 ms - -[0m
[0mGET /products [0m- [0m- ms - -[0m
[0mGET /api/products [36m304 [0m0.624 ms - -[0m
[0mGET /products [0m- [0m- ms - -[0m
[0mGET /api/products [36m304 [0m1.184 ms - -[0m
[0mGET /products [0m- [0m- ms - -[0m
[0mGET /api/products [36m304 [0m0.293 ms - -[0m
[0mGET /products [0m- [0m- ms - -[0m
[0mGET /products [0m- [0m- ms - -[0m
[0mGET /api/products [36m304 [0m3.599 ms - -[0m
[0mGET /products [32m200 [0m42.257 ms - 223[0m
[0mGET /api/products [36m304 [0m6.144 ms - -[0m
[0mGET /products [36m304 [0m41.700 ms - -[0m
[0mGET /api/products [36m304 [0m0.735 ms - -[0m
[0mGET /products [36m304 [0m22.019 ms - -[0m
[0mGET /api/products [36m304 [0m3.275 ms - -[0m
[0mGET /products [36m304 [0m46.345 ms - -[0m
[0mGET /products [36m304 [0m22.023 ms - -[0m
[0mGET /products [36m304 [0m19.753 ms - -[0m
[0mGET /products [36m304 [0m37.556 ms - -[0m
[0mGET /products [36m304 [0m21.460 ms - -[0m
[0mGET /products [36m304 [0m19.760 ms - -[0m
[0mGET /products [36m304 [0m38.229 ms - -[0m
[0mGET /products [36m304 [0m37.309 ms - -[0m
[0mGET /products [36m304 [0m37.213 ms - -[0m
[0mGET /products [36m304 [0m44.812 ms - -[0m
[0mGET /products [36m304 [0m41.787 ms - -[0m
[0mGET /products [36m304 [0m39.092 ms - -[0m
[0mGET /products [36m304 [0m46.895 ms - -[0m
[0mGET /products [36m304 [0m631.901 ms - -[0m
[0mGET /products [36m304 [0m19.575 ms - -[0m
[0mGET /products [36m304 [0m20.943 ms - -[0m
[0mPOST /authentication [33m404 [0m0.871 ms - 154[0m
[0mPOST /authentication [33m404 [0m0.129 ms - 154[0m
[0mPOST /authentication [33m404 [0m0.081 ms - 154[0m
[0mGET /products [32m200 [0m38.471 ms - 223[0m
[0mGET /products [32m200 [0m22.860 ms - 223[0m
[0mGET /products [36m304 [0m19.255 ms - -[0m
[0mGET /products [36m304 [0m22.963 ms - -[0m
[0mGET /products [32m200 [0m20.360 ms - 173[0m
[0mPOST /products/add [0m- [0m- ms - -[0m
[0mPOST /products/add [0m- [0m- ms - -[0m
[0mGET /products [32m200 [0m38.151 ms - 173[0m
[0mPOST /products/add [0m- [0m- ms - -[0m
[0mPOST /products/add [0m- [0m- ms - -[0m
[0mPOST /products/add [0m- [0m- ms - -[0m
[0mGET /products [36m304 [0m22.299 ms - -[0m
[0mPOST /products/add [0m- [0m- ms - -[0m
[0mGET /products [32m200 [0m21.517 ms - 173[0m
[0mPOST /products/add [32m200 [0m41.800 ms - 273[0m
[0mGET /products/ [32m200 [0m24.809 ms - 447[0m
[0mGET /products [32m200 [0m21.508 ms - 447[0m
[0mGET /products [32m200 [0m23.168 ms - 447[0m
[0mGET /products [36m304 [0m21.589 ms - -[0m
[0mGET /products [36m304 [0m40.048 ms - -[0m
[0mGET /products [32m200 [0m36.967 ms - 447[0m
[0mGET /products [36m304 [0m33.859 ms - -[0m
[0mGET /products [36m304 [0m48.113 ms - -[0m
[0mGET /products [36m304 [0m38.818 ms - -[0m
[0mGET /products [36m304 [0m21.963 ms - -[0m
[0mGET /products [36m304 [0m21.425 ms - -[0m
[0mGET /api/productfilter/item [33m404 [0m3.380 ms - 252[0m
[0mGET /api/products [33m404 [0m0.667 ms - 252[0m
[0mGET /api/productfilter/item [33m404 [0m0.390 ms - 252[0m
[0mGET /api/products [33m404 [0m2.784 ms - 252[0m
[0mGET /products [0m- [0m- ms - -[0m
[0mGET /products [36m304 [0m41.283 ms - -[0m
[0mGET /products [36m304 [0m22.379 ms - -[0m
[0mGET /products [36m304 [0m20.346 ms - -[0m
[0mGET /contacts [0m- [0m- ms - -[0m
[0mGET /products [32m200 [0m24.840 ms - 447[0m
[0mGET /contactds [33m404 [0m3.913 ms - 252[0m
[0mGET /contacts [32m200 [0m36.803 ms - 447[0m
[0mGET /contacts [32m200 [0m21.936 ms - 447[0m
[0mGET /contacts [32m200 [0m21.002 ms - 447[0m
[0mGET /contacts [32m200 [0m23.013 ms - 447[0m
[0mGET /contacts [32m200 [0m21.237 ms - 447[0m
[0mGET /contacts [32m200 [0m24.014 ms - 447[0m
[0mGET /contacts [32m200 [0m21.097 ms - 447[0m
[0mGET /contacts [32m200 [0m20.763 ms - 447[0m
[0mGET /contacts [32m200 [0m20.013 ms - 447[0m
[0mGET /contactsf [33m404 [0m1.132 ms - 252[0m
[0mGET /contacts [32m200 [0m23.500 ms - 447[0m
[0mGET /products [36m304 [0m39.516 ms - -[0m
[0mGET /contacts [32m200 [0m22.415 ms - 247[0m
[0mGET /products [36m304 [0m19.892 ms - -[0m
[0mGET /contacts [36m304 [0m24.085 ms - -[0m
[0mGET /docs/4.3/assets/brand/bootstrap-solid.svg [33m404 [0m3.171 ms - 252[0m
[0mGET /contacts [36m304 [0m39.937 ms - -[0m
[0mGET /contacts [36m304 [0m23.436 ms - -[0m
[0mGET /docs/4.3/assets/brand/bootstrap-solid.svg [33m404 [0m1.785 ms - 252[0m
[0mGET /products [36m304 [0m23.525 ms - -[0m
[0mGET /api/productfilter/bedroom [33m404 [0m0.326 ms - 252[0m
[0mGET /api/productfilter/item [33m404 [0m0.314 ms - 252[0m
[0mGET /api/productfilter/clothes [33m404 [0m0.351 ms - 252[0m
[0mGET /api/products [33m404 [0m0.461 ms - 252[0m
[0mGET /api/productfilter/bedroom [33m404 [0m0.363 ms - 252[0m
[0mGET /api/products [33m404 [0m0.589 ms - 252[0m
[0mGET /api/productfilter/item [33m404 [0m0.341 ms - 252[0m
[0mGET /api/products [33m404 [0m0.321 ms - 252[0m
[0mGET /products [36m304 [0m29.975 ms - -[0m
[0mGET /products [36m304 [0m24.892 ms - -[0m
[0mGET /Admin.js [33m404 [0m0.603 ms - 252[0m
[0mGET /src/index.js [33m404 [0m0.845 ms - 252[0m
[0mGET /App.js [33m404 [0m0.687 ms - 252[0m
[0mGET /Admin.js [33m404 [0m0.836 ms - 252[0m
[0mGET /src/index.js [33m404 [0m0.605 ms - 252[0m
[0mGET /App.js [33m404 [0m0.616 ms - 252[0m
[0mGET /products [36m304 [0m30.092 ms - -[0m
[0mGET /Admin.js [33m404 [0m0.358 ms - 252[0m
[0mGET /App.js [33m404 [0m1.157 ms - 252[0m
[0mGET /src/index.js [33m404 [0m1.123 ms - 252[0m
[0mGET /Admin.js [33m404 [0m4.556 ms - 252[0m
[0mGET /App.js [33m404 [0m3.928 ms - 252[0m
[0mGET /src/index.js [33m404 [0m2.367 ms - 252[0m
[0mGET /products [36m304 [0m30.744 ms - -[0m
[0mGET /products [36m304 [0m30.501 ms - -[0m
[0mGET /Admin.js [33m404 [0m0.589 ms - 252[0m
[0mGET /App.js [33m404 [0m0.697 ms - 252[0m
[0mGET /src/index.js [33m404 [0m1.003 ms - 252[0m
[0mGET /Admin.js [33m404 [0m0.874 ms - 252[0m
[0mGET /App.js [33m404 [0m0.447 ms - 252[0m
[0mGET /src/index.js [33m404 [0m0.546 ms - 252[0m
[0mGET /products [36m304 [0m24.877 ms - -[0m
[0mGET /products [36m304 [0m29.699 ms - -[0m
[0mGET /products [36m304 [0m30.196 ms - -[0m
[0mGET /products [36m304 [0m31.255 ms - -[0m
[0mGET /Admin.js [33m404 [0m0.462 ms - 252[0m
[0mGET /App.js [33m404 [0m0.526 ms - 252[0m
[0mGET /src/index.js [33m404 [0m0.558 ms - 252[0m
[0mGET /Admin.js [33m404 [0m0.249 ms - 252[0m
[0mGET /App.js [33m404 [0m0.675 ms - 252[0m
[0mGET /src/index.js [33m404 [0m0.628 ms - 252[0m
[0mGET /products [36m304 [0m23.544 ms - -[0m
[0mGET /products [36m304 [0m23.493 ms - -[0m
[0mGET /products [36m304 [0m29.831 ms - -[0m
[0mGET /products [36m304 [0m24.719 ms - -[0m
[0mGET /products [36m304 [0m24.144 ms - -[0m
[0mGET /products [36m304 [0m25.068 ms - -[0m
[0mGET /products [36m304 [0m29.838 ms - -[0m
[0mGET /products [36m304 [0m30.911 ms - -[0m
[0mGET /products [36m304 [0m29.463 ms - -[0m
[0mGET /products [36m304 [0m23.786 ms - -[0m
[0mGET /products [36m304 [0m46.933 ms - -[0m
[0mGET /products [36m304 [0m48.699 ms - -[0m
[0mGET /docs/4.3/assets/brand/bootstrap-solid.svg [33m404 [0m3.102 ms - 252[0m
[0mGET /contacts [36m304 [0m32.935 ms - -[0m
[0mGET /contacts [36m304 [0m30.934 ms - -[0m
[0mGET /products [36m304 [0m35.189 ms - -[0m
[0mGET /products [36m304 [0m47.772 ms - -[0m
[0mGET /products [36m304 [0m36.232 ms - -[0m
[0mGET /products [36m304 [0m30.245 ms - -[0m
[0mGET /products [36m304 [0m26.474 ms - -[0m
[0mGET /products [36m304 [0m27.324 ms - -[0m
[0mGET /contacts [36m304 [0m30.128 ms - -[0m
[0mGET /products [32m200 [0m50.756 ms - 447[0m
[0mGET /products [36m304 [0m42.298 ms - -[0m
[0mGET /products [36m304 [0m55.553 ms - -[0m
[0mGET /products [36m304 [0m32.869 ms - -[0m
[0mGET /products [36m304 [0m29.175 ms - -[0m
[0mGET /products [32m200 [0m38.264 ms - 447[0m
[0mGET /docs/4.3/assets/brand/bootstrap-solid.svg [33m404 [0m4.838 ms - 252[0m
[0mGET /contacts [32m200 [0m33.161 ms - 247[0m
[0mGET /products [36m304 [0m36.795 ms - -[0m
[0mGET /docs/4.3/assets/brand/bootstrap-solid.svg [33m404 [0m5.096 ms - 252[0m
[0mGET /contacts [36m304 [0m25.624 ms - -[0m
[0mGET /favicon.ico [33m404 [0m4.674 ms - 252[0m
[0mPOST /api/users/authenticate [33m404 [0m1.773 ms - 162[0m
[0mPOST /api/users/authenticate [33m404 [0m0.206 ms - 162[0m
[0mPOST /api/users/authenticate [33m404 [0m0.108 ms - 162[0m
[0mPOST /api/users/authenticate [33m404 [0m0.109 ms - 162[0m
[0mPOST /api/users/authenticate [33m404 [0m0.116 ms - 162[0m
[0mPOST /api/users/authenticate [33m404 [0m0.101 ms - 162[0m
[0mPOST /api/users/authenticate [33m404 [0m0.113 ms - 162[0m
[0mPOST /api/users/authenticate [33m404 [0m0.088 ms - 162[0m
[0mPOST /api/users/authenticate [33m404 [0m0.092 ms - 162[0m
[0mPOST /api/users [33m404 [0m0.119 ms - 149[0m
[0mPOST /api/users [33m404 [0m0.110 ms - 149[0m
[0mPOST /api/users [33m404 [0m0.128 ms - 149[0m
[0mPOST /api/users [33m404 [0m0.112 ms - 149[0m
[0mPOST /api/users [33m404 [0m0.095 ms - 149[0m
[0mPOST /api/users [33m404 [0m0.108 ms - 149[0m
[0mPOST /api/users [33m404 [0m0.140 ms - 149[0m
[0mPOST /api/users/authenticate [33m404 [0m0.111 ms - 162[0m
[0mPOST /api/users/authenticate [33m404 [0m0.113 ms - 162[0m
[0mGET /docs/4.3/assets/brand/bootstrap-solid.svg [33m404 [0m5.254 ms - 252[0m
[0mGET /contacts [36m304 [0m41.319 ms - -[0m
[0mGET /docs/4.3/assets/brand/bootstrap-solid.svg [33m404 [0m5.093 ms - 252[0m
[0mGET /contacts [36m304 [0m49.045 ms - -[0m
[0mGET /products [36m304 [0m33.914 ms - -[0m
[0mPOST /api/users/authenticate [33m404 [0m0.357 ms - 162[0m
[0mPOST /api/users/authenticate [33m404 [0m0.136 ms - 162[0m
[0mPOST /api/users [33m404 [0m0.116 ms - 149[0m
[0mPOST /api/users [33m404 [0m0.125 ms - 149[0m
[0mPOST /api/users [33m404 [0m0.115 ms - 149[0m
[0mPOST /api/users/authenticate [33m404 [0m0.118 ms - 162[0m
[0mPOST /api/users/authenticate [33m404 [0m0.112 ms - 162[0m
[0mPOST /api/users/authenticate [33m404 [0m0.117 ms - 162[0m
[0mGET /users [32m200 [0m22.203 ms - 2[0m
[0mPOST /api/users [33m404 [0m1.842 ms - 149[0m
[0mPOST /api/users [33m404 [0m0.203 ms - 149[0m
[0mPOST /api/users [33m404 [0m0.110 ms - 149[0m
[0mPOST /api/users/authenticate [33m404 [0m0.125 ms - 162[0m
[0mPOST /api/users [33m404 [0m0.087 ms - 149[0m
[0mPOST /api/users [33m404 [0m0.116 ms - 149[0m
[0mPOST /api/users [33m404 [0m0.099 ms - 149[0m
[0mPOST /users [32m200 [0m82.106 ms - 285[0m
[0mPOST /users/authenticate [32m200 [0m55.718 ms - 271[0m
[0mGET /users [32m200 [0m23.724 ms - 160[0m
[0mGET /docs/4.3/assets/brand/bootstrap-solid.svg [33m404 [0m2.458 ms - 252[0m
[0mGET /contacts [36m304 [0m23.880 ms - -[0m
[0mGET /products [36m304 [0m21.525 ms - -[0m
[0mGET /products [36m304 [0m19.699 ms - -[0m
[0mGET /docs/4.3/assets/brand/bootstrap-solid.svg [33m404 [0m1.455 ms - 252[0m
[0mGET /contacts [36m304 [0m20.998 ms - -[0m
[0mGET /products [36m304 [0m21.364 ms - -[0m
[0mGET /products [36m304 [0m760.035 ms - -[0m
[0mGET /products [36m304 [0m20.083 ms - -[0m
